This is pdfTeX, Version 3.1415926-2.3-1.40.12 (TeX Live 2011) (format=pdflatex 2011.7.3)  4 FEB 2012 17:30
entering extended mode
 \write18 enabled.
 file:line:error style messages enabled.
 %&-line parsing enabled.
**sample-sameness.tex
(./sample-sameness.tex
LaTeX2e <2009/09/24>
Babel <v3.8l> and hyphenation patterns for english, dumylang, nohyphenation, ge
rman-x-2009-06-19, ngerman-x-2009-06-19, afrikaans, ancientgreek, ibycus, arabi
c, armenian, basque, bulgarian, catalan, pinyin, coptic, croatian, czech, danis
h, dutch, ukenglish, usenglishmax, esperanto, estonian, ethiopic, farsi, finnis
h, french, galician, german, ngerman, swissgerman, monogreek, greek, hungarian,
 icelandic, assamese, bengali, gujarati, hindi, kannada, malayalam, marathi, or
iya, panjabi, tamil, telugu, indonesian, interlingua, irish, italian, kurmanji,
 lao, latin, latvian, lithuanian, mongolian, mongolianlmc, bokmal, nynorsk, pol
ish, portuguese, romanian, russian, sanskrit, serbian, serbianc, slovak, sloven
ian, spanish, swedish, turkish, turkmen, ukrainian, uppersorbian, welsh, loaded
.
(/usr/local/texlive/2011/texmf-dist/tex/latex/base/article.cls
Document Class: article 2007/10/19 v1.4h Standard LaTeX document class
(/usr/local/texlive/2011/texmf-dist/tex/latex/base/size10.clo
File: size10.clo 2007/10/19 v1.4h Standard LaTeX file (size option)
)
\c@part=\count79
\c@section=\count80
\c@subsection=\count81
\c@subsubsection=\count82
\c@paragraph=\count83
\c@subparagraph=\count84
\c@figure=\count85
\c@table=\count86
\abovecaptionskip=\skip41
\belowcaptionskip=\skip42
\bibindent=\dimen102
)
No file sample-sameness.aux.
\openout1 = `sample-sameness.aux'.

LaTeX Font Info:    Checking defaults for OML/cmm/m/it on input line 3.
LaTeX Font Info:    ... okay on input line 3.
LaTeX Font Info:    Checking defaults for T1/cmr/m/n on input line 3.
LaTeX Font Info:    ... okay on input line 3.
LaTeX Font Info:    Checking defaults for OT1/cmr/m/n on input line 3.
LaTeX Font Info:    ... okay on input line 3.
LaTeX Font Info:    Checking defaults for OMS/cmsy/m/n on input line 3.
LaTeX Font Info:    ... okay on input line 3.
LaTeX Font Info:    Checking defaults for OMX/cmex/m/n on input line 3.
LaTeX Font Info:    ... okay on input line 3.
LaTeX Font Info:    Checking defaults for U/cmr/m/n on input line 3.
LaTeX Font Info:    ... okay on input line 3.
LaTeX Font Info:    External font `cmex10' loaded for size
(Font)              <12> on input line 7.
LaTeX Font Info:    External font `cmex10' loaded for size
(Font)              <8> on input line 7.
LaTeX Font Info:    External font `cmex10' loaded for size
(Font)              <6> on input line 7.

Overfull \hbox (19.33751pt too wide) in paragraph at lines 18--21
\OT1/cmr/m/n/20.74 type []\OT1/cmtt/m/n/20.74 \vspace{3pc} \OT1/cmr/m/n/20.74 (
``pc'' stands for ``pica'',
 []

LaTeX Font Info:    External font `cmex10' loaded for size
(Font)              <20.74> on input line 22.
LaTeX Font Info:    External font `cmex10' loaded for size
(Font)              <14.4> on input line 22.

Overfull \hbox (11.23453pt too wide) in paragraph at lines 22--25
\OT1/cmr/m/n/20.74 pre-ceeded by a back-slash. Some com-mands,
 []


Overfull \hbox (25.49106pt too wide) in paragraph at lines 22--25
\OT1/cmr/m/n/20.74 like []\OT1/cmtt/m/n/20.74 \vspace\OT1/cmr/m/n/20.74 , take 
ar-gu-ments (here, a length)
 []


Overfull \hbox (8.28772pt too wide) in paragraph at lines 26--32
\OT1/cmr/m/n/20.74 ``en-vi-ron-ments''...so far we've just been typ-
 []


Overfull \hbox (14.63388pt too wide) in paragraph at lines 26--32
\OT1/cmr/m/n/20.74 ing reg-u-lar text (ex-cept for a few in-escapable
 []

[1

{/usr/local/texlive/2011/texmf-var/fonts/map/pdftex/updmap/pdftex.map}]
Overfull \hbox (5.05217pt too wide) in paragraph at lines 39--44
\OT1/cmr/m/n/20.74 Actually there is one more way, used above;
 []


Overfull \hbox (14.5112pt too wide) in paragraph at lines 39--44
\OT1/cmr/m/n/20.74 you want; for ex-am-ple, you use []\OT1/cmtt/m/n/20.74 \unde
rline
 []


Overfull \hbox (63.7235pt too wide) in paragraph at lines 45--50
\OT1/cmr/m/n/20.74 more in-ter-est-ing ex-am-ple is $[][] [][] \OML/cmm/m/it/20
.74 f\OT1/cmr/m/n/20.74 (\OML/cmm/m/it/20.74 t[]\OT1/cmr/m/n/20.74 )^^A\OML/cmm
/m/it/20.74 t$\OT1/cmr/m/n/20.74 . 
 []

[2]
Overfull \hbox (5.18106pt too wide) in paragraph at lines 58--63
\OT1/cmr/m/n/20.74 ex-am-ple this is $[] [] \OML/cmm/m/it/20.74 f\OT1/cmr/m/n/2
0.74 (\OML/cmm/m/it/20.74 t[]\OT1/cmr/m/n/20.74 )^^A\OML/cmm/m/it/20.74 t:$ \OT
1/cmr/m/n/20.74 Of course
 []


Overfull \hbox (3.21849pt too wide) in paragraph at lines 64--72
\OT1/cmr/m/n/20.74 tire days type-set-ting doc-u-ments to be ``just
 []


Overfull \hbox (2.17323pt too wide) in paragraph at lines 73--78
\OT1/cmr/m/n/20.74 and in real life in the big binder that should
 []

[3] [4] (./sample-sameness.aux) ) 
Here is how much of TeX's memory you used:
 239 strings out of 493633
 2688 string characters out of 3143378
 51245 words of memory out of 3000000
 3614 multiletter control sequences out of 15000+200000
 10269 words of font info for 36 fonts, out of 3000000 for 9000
 831 hyphenation exceptions out of 8191
 23i,5n,17p,146b,113s stack positions out of 5000i,500n,10000p,200000b,50000s
</usr/local/texlive/2011/texmf-dist/fonts/type
1/public/amsfonts/cm/cmcsc10.pfb></usr/local/texlive/2011/texmf-dist/fonts/type
1/public/amsfonts/cm/cmex10.pfb></usr/local/texlive/2011/texmf-dist/fonts/type1
/public/amsfonts/cm/cmmi12.pfb></usr/local/texlive/2011/texmf-dist/fonts/type1/
public/amsfonts/cm/cmr10.pfb></usr/local/texlive/2011/texmf-dist/fonts/type1/pu
blic/amsfonts/cm/cmr12.pfb></usr/local/texlive/2011/texmf-dist/fonts/type1/publ
ic/amsfonts/cm/cmr17.pfb></usr/local/texlive/2011/texmf-dist/fonts/type1/public
/amsfonts/cm/cmsy10.pfb></usr/local/texlive/2011/texmf-dist/fonts/type1/public/
amsfonts/cm/cmti10.pfb></usr/local/texlive/2011/texmf-dist/fonts/type1/public/a
msfonts/cm/cmti12.pfb></usr/local/texlive/2011/texmf-dist/fonts/type1/public/am
sfonts/cm/cmtt12.pfb>
Output written on sample-sameness.pdf (4 pages, 103653 bytes).
PDF statistics:
 57 PDF objects out of 1000 (max. 8388607)
 40 compressed objects within 1 object stream
 0 named destinations out of 1000 (max. 500000)
 1 words of extra memory for PDF output out of 10000 (max. 10000000)

